[2022-06-25 00:05:47,200: INFO: stage_02_featurization]: 
********************
[2022-06-25 00:05:47,201: INFO: stage_02_featurization]: >>>>> stage Featurization started <<<<<
[2022-06-25 00:05:47,203: INFO: common]: yaml file: configs/config.yaml loaded successfully
[2022-06-25 00:05:47,204: INFO: common]: yaml file: params.yaml loaded successfully
[2022-06-25 00:05:47,204: INFO: common]: created directory at: artifacts\features
[2022-06-25 00:05:47,432: INFO: common]: The input data frame artifacts\prepared\train.tsv of size (17450, 3) is read.
[2022-06-25 00:05:47,432: ERROR: stage_02_featurization]: 'DataFrame' object has no attribute 'text'
Traceback (most recent call last):
  File "src/stage_02_featurization.py", line 87, in <module>
    main(config_path=parsed_args.config, params_path=parsed_args.params)
  File "src/stage_02_featurization.py", line 50, in main
    train_words=np.array(df_train.text.str.lower().values.astype('U'))
  File "C:\Users\lmohan2\Anaconda3\envs\env\lib\site-packages\pandas\core\generic.py", line 5141, in __getattr__
    return object.__getattribute__(self, name)
AttributeError: 'DataFrame' object has no attribute 'text'
[2022-06-25 00:07:35,930: INFO: stage_02_featurization]: 
********************
[2022-06-25 00:07:35,931: INFO: stage_02_featurization]: >>>>> stage Featurization started <<<<<
[2022-06-25 00:07:35,932: INFO: common]: yaml file: configs/config.yaml loaded successfully
[2022-06-25 00:07:35,933: INFO: common]: yaml file: params.yaml loaded successfully
[2022-06-25 00:07:35,933: INFO: common]: created directory at: artifacts\features
[2022-06-25 00:07:36,158: INFO: common]: The input data frame artifacts\prepared\train.tsv of size (17450, 3) is read.
[2022-06-25 00:07:36,158: ERROR: stage_02_featurization]: 'DataFrame' object has no attribute 'text'
Traceback (most recent call last):
  File "src/stage_02_featurization.py", line 87, in <module>
    main(config_path=parsed_args.config, params_path=parsed_args.params)
  File "src/stage_02_featurization.py", line 50, in main
    train_words=np.array(df_train.text.str.lower().values.astype('U'))
  File "C:\Users\lmohan2\Anaconda3\envs\env\lib\site-packages\pandas\core\generic.py", line 5141, in __getattr__
    return object.__getattribute__(self, name)
AttributeError: 'DataFrame' object has no attribute 'text'
[2022-06-25 14:01:37,662: INFO: stage_02_featurization]: 
********************
[2022-06-25 14:01:37,664: INFO: stage_02_featurization]: >>>>> stage Featurization started <<<<<
[2022-06-25 14:01:37,672: INFO: common]: yaml file: configs/config.yaml loaded successfully
[2022-06-25 14:01:37,673: INFO: common]: yaml file: params.yaml loaded successfully
[2022-06-25 14:01:37,675: INFO: common]: created directory at: artifacts\features
[2022-06-25 14:01:37,985: INFO: common]: The input data frame artifacts\prepared\train.tsv of size (17450, 3) is read.
[2022-06-25 14:01:37,988: ERROR: stage_02_featurization]: 'DataFrame' object has no attribute 'text'
Traceback (most recent call last):
  File "src/stage_02_featurization.py", line 87, in <module>
    main(config_path=parsed_args.config, params_path=parsed_args.params)
  File "src/stage_02_featurization.py", line 50, in main
    train_words=np.array(df_train.text.str.lower().values.astype('U'))
  File "C:\Users\lmohan2\Anaconda3\envs\env\lib\site-packages\pandas\core\generic.py", line 5141, in __getattr__
    return object.__getattribute__(self, name)
AttributeError: 'DataFrame' object has no attribute 'text'
[2022-06-25 14:06:39,659: INFO: stage_01_prepare_data]: 
********************
[2022-06-25 14:06:39,660: INFO: stage_01_prepare_data]: >>>>> stage Prepare_data started <<<<<
[2022-06-25 14:06:39,662: INFO: common]: yaml file: configs/config.yaml loaded successfully
[2022-06-25 14:06:39,663: INFO: common]: yaml file: params.yaml loaded successfully
[2022-06-25 14:06:39,664: INFO: common]: created directory at: artifacts\prepared
[2022-06-25 14:06:42,373: INFO: stage_01_prepare_data]: >>>>> stage Prepare_data completed!<<<<<

[2022-06-25 14:15:20,774: INFO: stage_01_prepare_data]: 
********************
[2022-06-25 14:15:20,775: INFO: stage_01_prepare_data]: >>>>> stage Prepare_data started <<<<<
[2022-06-25 14:15:20,777: INFO: common]: yaml file: configs/config.yaml loaded successfully
[2022-06-25 14:15:20,779: INFO: common]: yaml file: params.yaml loaded successfully
[2022-06-25 14:15:20,779: INFO: common]: created directory at: artifacts\prepared
[2022-06-25 14:15:23,960: INFO: stage_01_prepare_data]: >>>>> stage Prepare_data completed!<<<<<

[2022-06-25 14:16:51,795: INFO: stage_01_prepare_data]: 
********************
[2022-06-25 14:16:51,795: INFO: stage_01_prepare_data]: >>>>> stage Prepare_data started <<<<<
[2022-06-25 14:16:51,798: INFO: common]: yaml file: configs/config.yaml loaded successfully
[2022-06-25 14:16:51,799: INFO: common]: yaml file: params.yaml loaded successfully
[2022-06-25 14:16:51,799: INFO: common]: created directory at: artifacts\prepared
[2022-06-25 14:16:55,000: INFO: stage_01_prepare_data]: >>>>> stage Prepare_data completed!<<<<<

[2022-06-26 15:40:45,410: INFO: stage_02_featurization]: 
********************
[2022-06-26 15:40:45,411: INFO: stage_02_featurization]: >>>>> stage Featurization started <<<<<
[2022-06-26 15:40:45,414: INFO: common]: yaml file: configs/config.yaml loaded successfully
[2022-06-26 15:40:45,416: INFO: common]: yaml file: params.yaml loaded successfully
[2022-06-26 15:40:45,416: INFO: common]: created directory at: artifacts\features
[2022-06-26 15:40:45,631: INFO: common]: The input data frame artifacts\prepared\train.tsv of size (17450, 3) is read.
[2022-06-26 15:41:01,007: ERROR: stage_02_featurization]: Cannot convert non-finite values (NA or inf) to integer
Traceback (most recent call last):
  File "src/stage_02_featurization.py", line 87, in <module>
    main(config_path=parsed_args.config, params_path=parsed_args.params)
  File "src/stage_02_featurization.py", line 65, in main
    save_matrix(df=df_train, text_matrix= train_words_tfidf_matrix , out_path=featurized_train_data_path)
  File "c:\users\lmohan2\dvc-project-docs-template\lm_dvc_nlp_project-with-docs\src\utils\data_mgmt.py", line 36, in save_matrix
    pid_matrix=sparse.csr_matrix(df.pid.astype(np.int64)).T
  File "C:\Users\lmohan2\Anaconda3\envs\env\lib\site-packages\pandas\core\generic.py", line 5548, in astype
    new_data = self._mgr.astype(dtype=dtype, copy=copy, errors=errors,)
  File "C:\Users\lmohan2\Anaconda3\envs\env\lib\site-packages\pandas\core\internals\managers.py", line 604, in astype
    return self.apply("astype", dtype=dtype, copy=copy, errors=errors)
  File "C:\Users\lmohan2\Anaconda3\envs\env\lib\site-packages\pandas\core\internals\managers.py", line 409, in apply
    applied = getattr(b, f)(**kwargs)
  File "C:\Users\lmohan2\Anaconda3\envs\env\lib\site-packages\pandas\core\internals\blocks.py", line 595, in astype
    values = astype_nansafe(vals1d, dtype, copy=True)
  File "C:\Users\lmohan2\Anaconda3\envs\env\lib\site-packages\pandas\core\dtypes\cast.py", line 968, in astype_nansafe
    raise ValueError("Cannot convert non-finite values (NA or inf) to integer")
ValueError: Cannot convert non-finite values (NA or inf) to integer
[2022-06-26 15:42:56,698: INFO: stage_02_featurization]: 
********************
[2022-06-26 15:42:56,698: INFO: stage_02_featurization]: >>>>> stage Featurization started <<<<<
[2022-06-26 15:42:56,700: INFO: common]: yaml file: configs/config.yaml loaded successfully
[2022-06-26 15:42:56,701: INFO: common]: yaml file: params.yaml loaded successfully
[2022-06-26 15:42:56,701: INFO: common]: created directory at: artifacts\features
[2022-06-26 15:42:56,918: INFO: common]: The input data frame artifacts\prepared\train.tsv of size (17450, 3) is read.
[2022-06-26 15:44:29,978: INFO: stage_02_featurization]: 
********************
[2022-06-26 15:44:29,978: INFO: stage_02_featurization]: >>>>> stage Featurization started <<<<<
[2022-06-26 15:44:29,980: INFO: common]: yaml file: configs/config.yaml loaded successfully
[2022-06-26 15:44:29,981: INFO: common]: yaml file: params.yaml loaded successfully
[2022-06-26 15:44:29,982: INFO: common]: created directory at: artifacts\features
[2022-06-26 15:44:30,196: INFO: common]: The input data frame artifacts\prepared\train.tsv of size (17450, 3) is read.
[2022-06-26 15:44:44,639: ERROR: stage_02_featurization]: Cannot convert non-finite values (NA or inf) to integer
Traceback (most recent call last):
  File "src/stage_02_featurization.py", line 87, in <module>
    main(config_path=parsed_args.config, params_path=parsed_args.params)
  File "src/stage_02_featurization.py", line 65, in main
    save_matrix(df=df_train, text_matrix= train_words_tfidf_matrix , out_path=featurized_train_data_path)
  File "c:\users\lmohan2\dvc-project-docs-template\lm_dvc_nlp_project-with-docs\src\utils\data_mgmt.py", line 36, in save_matrix
    pid_matrix=sparse.csr_matrix(df.pid.astype(np.int64)).T
  File "C:\Users\lmohan2\Anaconda3\envs\env\lib\site-packages\pandas\core\generic.py", line 5548, in astype
    new_data = self._mgr.astype(dtype=dtype, copy=copy, errors=errors,)
  File "C:\Users\lmohan2\Anaconda3\envs\env\lib\site-packages\pandas\core\internals\managers.py", line 604, in astype
    return self.apply("astype", dtype=dtype, copy=copy, errors=errors)
  File "C:\Users\lmohan2\Anaconda3\envs\env\lib\site-packages\pandas\core\internals\managers.py", line 409, in apply
    applied = getattr(b, f)(**kwargs)
  File "C:\Users\lmohan2\Anaconda3\envs\env\lib\site-packages\pandas\core\internals\blocks.py", line 595, in astype
    values = astype_nansafe(vals1d, dtype, copy=True)
  File "C:\Users\lmohan2\Anaconda3\envs\env\lib\site-packages\pandas\core\dtypes\cast.py", line 968, in astype_nansafe
    raise ValueError("Cannot convert non-finite values (NA or inf) to integer")
ValueError: Cannot convert non-finite values (NA or inf) to integer
[2022-06-26 15:47:08,069: INFO: stage_01_prepare_data]: 
********************
[2022-06-26 15:47:08,069: INFO: stage_01_prepare_data]: >>>>> stage Prepare_data started <<<<<
[2022-06-26 15:47:08,072: INFO: common]: yaml file: configs/config.yaml loaded successfully
[2022-06-26 15:47:08,076: INFO: common]: yaml file: params.yaml loaded successfully
[2022-06-26 15:47:08,077: INFO: common]: created directory at: artifacts\prepared
[2022-06-26 15:47:11,647: INFO: stage_01_prepare_data]: >>>>> stage Prepare_data completed!<<<<<

[2022-06-26 15:48:07,974: INFO: stage_01_prepare_data]: 
********************
[2022-06-26 15:48:07,974: INFO: stage_01_prepare_data]: >>>>> stage Prepare_data started <<<<<
[2022-06-26 15:48:07,977: INFO: common]: yaml file: configs/config.yaml loaded successfully
[2022-06-26 15:48:07,978: INFO: common]: yaml file: params.yaml loaded successfully
[2022-06-26 15:48:07,978: INFO: common]: created directory at: artifacts\prepared
[2022-06-26 15:48:11,507: INFO: stage_01_prepare_data]: >>>>> stage Prepare_data completed!<<<<<

[2022-06-26 15:48:14,523: INFO: stage_02_featurization]: 
********************
[2022-06-26 15:48:14,523: INFO: stage_02_featurization]: >>>>> stage Featurization started <<<<<
[2022-06-26 15:48:14,526: INFO: common]: yaml file: configs/config.yaml loaded successfully
[2022-06-26 15:48:14,527: INFO: common]: yaml file: params.yaml loaded successfully
[2022-06-26 15:48:14,529: INFO: common]: created directory at: artifacts\features
[2022-06-26 15:48:14,772: INFO: common]: The input data frame artifacts\prepared\train.tsv of size (17450, 3) is read.
[2022-06-26 15:48:29,332: ERROR: stage_02_featurization]: Cannot convert non-finite values (NA or inf) to integer
Traceback (most recent call last):
  File "src/stage_02_featurization.py", line 87, in <module>
    main(config_path=parsed_args.config, params_path=parsed_args.params)
  File "src/stage_02_featurization.py", line 65, in main
    save_matrix(df=df_train, text_matrix= train_words_tfidf_matrix , out_path=featurized_train_data_path)
  File "c:\users\lmohan2\dvc-project-docs-template\lm_dvc_nlp_project-with-docs\src\utils\data_mgmt.py", line 36, in save_matrix
    pid_matrix=sparse.csr_matrix(df.pid.astype(np.int64)).T
  File "C:\Users\lmohan2\Anaconda3\envs\env\lib\site-packages\pandas\core\generic.py", line 5548, in astype
    new_data = self._mgr.astype(dtype=dtype, copy=copy, errors=errors,)
  File "C:\Users\lmohan2\Anaconda3\envs\env\lib\site-packages\pandas\core\internals\managers.py", line 604, in astype
    return self.apply("astype", dtype=dtype, copy=copy, errors=errors)
  File "C:\Users\lmohan2\Anaconda3\envs\env\lib\site-packages\pandas\core\internals\managers.py", line 409, in apply
    applied = getattr(b, f)(**kwargs)
  File "C:\Users\lmohan2\Anaconda3\envs\env\lib\site-packages\pandas\core\internals\blocks.py", line 595, in astype
    values = astype_nansafe(vals1d, dtype, copy=True)
  File "C:\Users\lmohan2\Anaconda3\envs\env\lib\site-packages\pandas\core\dtypes\cast.py", line 968, in astype_nansafe
    raise ValueError("Cannot convert non-finite values (NA or inf) to integer")
ValueError: Cannot convert non-finite values (NA or inf) to integer
[2022-06-26 15:52:22,164: INFO: stage_01_prepare_data]: 
********************
[2022-06-26 15:52:22,164: INFO: stage_01_prepare_data]: >>>>> stage Prepare_data started <<<<<
[2022-06-26 15:52:22,166: INFO: common]: yaml file: configs/config.yaml loaded successfully
[2022-06-26 15:52:22,167: INFO: common]: yaml file: params.yaml loaded successfully
[2022-06-26 15:52:22,168: INFO: common]: created directory at: artifacts\prepared
[2022-06-26 15:52:25,582: INFO: stage_01_prepare_data]: >>>>> stage Prepare_data completed!<<<<<

[2022-06-26 15:52:28,215: INFO: stage_02_featurization]: 
********************
[2022-06-26 15:52:28,215: INFO: stage_02_featurization]: >>>>> stage Featurization started <<<<<
[2022-06-26 15:52:28,218: INFO: common]: yaml file: configs/config.yaml loaded successfully
[2022-06-26 15:52:28,219: INFO: common]: yaml file: params.yaml loaded successfully
[2022-06-26 15:52:28,220: INFO: common]: created directory at: artifacts\features
[2022-06-26 15:52:28,472: INFO: common]: The input data frame artifacts\prepared\train.tsv of size (17450, 3) is read.
[2022-06-26 15:52:43,835: INFO: data_mgmt]: The output matrix saved at artifacts\prepared\train.pkl of shape:(17450, 2502)
[2022-06-26 15:52:43,982: INFO: common]: The input data frame artifacts\prepared\test.tsv of size (7550, 3) is read.
[2022-06-26 15:52:47,287: INFO: data_mgmt]: The output matrix saved at artifacts\prepared\test.pkl of shape:(7550, 2502)
[2022-06-26 15:52:47,581: INFO: stage_02_featurization]: >>>>> stage Featurization completed!<<<<<

[2022-06-26 15:55:03,908: INFO: stage_02_featurization]: 
********************
[2022-06-26 15:55:03,908: INFO: stage_02_featurization]: >>>>> stage Featurization started <<<<<
[2022-06-26 15:55:03,911: INFO: common]: yaml file: configs/config.yaml loaded successfully
[2022-06-26 15:55:03,912: INFO: common]: yaml file: params.yaml loaded successfully
[2022-06-26 15:55:03,912: INFO: common]: created directory at: artifacts\features
[2022-06-26 15:55:04,151: INFO: common]: The input data frame artifacts\prepared\train.tsv of size (17450, 3) is read.
[2022-06-26 15:55:18,921: INFO: data_mgmt]: The output matrix saved at artifacts\prepared\train.pkl of shape:(17450, 2502)
[2022-06-26 15:55:19,039: INFO: common]: The input data frame artifacts\prepared\test.tsv of size (7550, 3) is read.
[2022-06-26 15:55:21,812: INFO: data_mgmt]: The output matrix saved at artifacts\prepared\test.pkl of shape:(7550, 2502)
[2022-06-26 15:55:22,142: INFO: stage_02_featurization]: >>>>> stage Featurization completed!<<<<<

